\BOOKMARK [0][-]{dummy.2}{\376\377\000A\000c\000k\000n\000o\000w\000l\000e\000d\000g\000e\000m\000e\000n\000t\000s}{}% 1
\BOOKMARK [0][-]{dummy.4}{\376\377\000L\000i\000s\000t\000\040\000o\000f\000\040\000F\000i\000g\000u\000r\000e\000s}{}% 2
\BOOKMARK [0][-]{dummy.6}{\376\377\000L\000i\000s\000t\000\040\000o\000f\000\040\000T\000a\000b\000l\000e\000s}{}% 3
\BOOKMARK [0][-]{dummy.9}{\376\377\000A\000b\000b\000r\000e\000v\000i\000a\000t\000i\000o\000n\000s}{}% 4
\BOOKMARK [0][-]{dummy.10}{\376\377\000S\000y\000m\000b\000o\000l\000s}{}% 5
\BOOKMARK [0][-]{dummy.13}{\376\377\000L\000i\000s\000t\000\040\000o\000f\000\040\000P\000u\000b\000l\000i\000c\000a\000t\000i\000o\000n\000s}{}% 6
\BOOKMARK [0][-]{chapter.21}{\376\377\0001\000\040\000I\000n\000t\000r\000o\000d\000u\000c\000t\000i\000o\000n}{}% 7
\BOOKMARK [1][-]{section.22}{\376\377\0001\000.\0001\000\040\000B\000a\000c\000k\000g\000r\000o\000u\000n\000d}{chapter.21}% 8
\BOOKMARK [1][-]{section.23}{\376\377\0001\000.\0002\000\040\000M\000o\000t\000i\000v\000a\000t\000i\000o\000n}{chapter.21}% 9
\BOOKMARK [1][-]{section.24}{\376\377\0001\000.\0003\000\040\000O\000r\000g\000a\000n\000i\000z\000a\000t\000i\000o\000n\000\040\000o\000f\000\040\000t\000h\000e\000\040\000T\000h\000e\000s\000i\000s}{chapter.21}% 10
\BOOKMARK [0][-]{chapter.26}{\376\377\0002\000\040\000L\000i\000t\000e\000r\000a\000t\000u\000r\000e\000\040\000R\000e\000v\000i\000e\000w}{}% 11
\BOOKMARK [1][-]{section.27}{\376\377\0002\000.\0001\000\040\000T\000u\000n\000g\000s\000t\000e\000n\000\040\000H\000e\000a\000v\000y\000\040\000a\000l\000l\000o\000y\000s}{chapter.26}% 12
\BOOKMARK [1][-]{section.28}{\376\377\0002\000.\0002\000\040\000H\000e\000a\000v\000y\000\040\000A\000l\000l\000o\000y\000\040\000P\000r\000o\000d\000u\000c\000t\000i\000o\000n\000\040\000a\000n\000d\000\040\000P\000r\000o\000p\000e\000r\000t\000i\000e\000s}{chapter.26}% 13
\BOOKMARK [1][-]{section.29}{\376\377\0002\000.\0003\000\040\000C\000o\000n\000s\000t\000i\000t\000u\000t\000i\000o\000n\000\040\000o\000f\000\040\000t\000h\000e\000\040\000W\000-\000N\000i\000-\000F\000e\000\040\000S\000y\000s\000t\000e\000m}{chapter.26}% 14
\BOOKMARK [0][-]{chapter.31}{\376\377\0003\000\040\000M\000a\000t\000e\000r\000i\000a\000l\000s\000\040\000a\000n\000d\000\040\000M\000e\000t\000h\000o\000d\000s}{}% 15
\BOOKMARK [1][-]{section.32}{\376\377\0003\000.\0001\000\040\000S\000t\000a\000r\000t\000i\000n\000g\000\040\000M\000a\000t\000e\000r\000i\000a\000l}{chapter.31}% 16
\BOOKMARK [2][-]{subsection.33}{\376\377\0003\000.\0001\000.\0001\000\040\000T\000u\000n\000g\000s\000t\000e\000n\000\040\000P\000o\000w\000d\000e\000r}{section.32}% 17
\BOOKMARK [0][-]{chapter.34}{\376\377\0004\000\040\000T\000i\000t\000l\000e\000\040\000o\000f\000\040\000C\000h\000a\000p\000t\000e\000r\000\040\000F\000o\000u\000r}{}% 18
\BOOKMARK [1][-]{section.35}{\376\377\0004\000.\0001\000\040\000B\000a\000c\000k\000g\000r\000o\000u\000n\000d}{chapter.34}% 19
\BOOKMARK [1][-]{section.36}{\376\377\0004\000.\0002\000\040\000E\000x\000p\000e\000r\000i\000m\000e\000n\000t\000a\000l\000\040\000R\000e\000s\000u\000l\000t\000s}{chapter.34}% 20
\BOOKMARK [2][-]{subsection.37}{\376\377\0004\000.\0002\000.\0001\000\040\000I\000n\000i\000t\000i\000a\000l\000\040\000m\000i\000c\000r\000o\000s\000t\000r\000u\000c\000t\000u\000r\000e\000\040\000a\000n\000d\000\040\000t\000e\000x\000t\000u\000r\000e}{section.36}% 21
\BOOKMARK [1][-]{section.39}{\376\377\0004\000.\0003\000\040\000T\000e\000x\000t\000u\000r\000e\000\040\000e\000v\000o\000l\000u\000t\000i\000o\000n\000\040\000d\000u\000r\000i\000n\000g\000\040\000u\000n\000i\000a\000x\000i\000a\000l\000\040\000c\000o\000m\000p\000r\000e\000s\000s\000i\000o\000n}{chapter.34}% 22
\BOOKMARK [1][-]{section.40}{\376\377\0004\000.\0004\000\040\000S\000u\000m\000m\000a\000r\000y}{chapter.34}% 23
\BOOKMARK [0][-]{chapter.44}{\376\377\0005\000\040\000T\000i\000t\000l\000e\000\040\000o\000f\000\040\000C\000h\000a\000p\000t\000e\000r\000\040\000F\000i\000v\000e}{}% 24
\BOOKMARK [1][-]{section.45}{\376\377\0005\000.\0001\000\040\000B\000a\000c\000k\000g\000r\000o\000u\000n\000d}{chapter.44}% 25
\BOOKMARK [1][-]{section.47}{\376\377\0005\000.\0002\000\040\000R\000e\000s\000u\000l\000t\000s\000\040\000a\000n\000d\000\040\000d\000i\000s\000c\000u\000s\000s\000i\000o\000n}{chapter.44}% 26
\BOOKMARK [2][-]{subsection.48}{\376\377\0005\000.\0002\000.\0001\000\040\000S\000t\000a\000r\000t\000i\000n\000g\000\040\000m\000a\000t\000e\000r\000i\000a\000l}{section.47}% 27
\BOOKMARK [2][-]{subsection.49}{\376\377\0005\000.\0002\000.\0002\000\040\000E\000v\000o\000l\000u\000t\000i\000o\000n\000\040\000o\000f\000\040\000r\000o\000l\000l\000i\000n\000g\000\040\000t\000e\000x\000t\000u\000r\000e\000\040\000i\000n\000\040\000t\000u\000n\000g\000s\000t\000e\000n\000\040\000p\000h\000a\000s\000e}{section.47}% 28
\BOOKMARK [2][-]{subsection.50}{\376\377\0005\000.\0002\000.\0003\000\040\000E\000v\000o\000l\000u\000t\000i\000o\000n\000\040\000o\000f\000\040\000r\000o\000l\000l\000i\000n\000g\000\040\000t\000e\000x\000t\000u\000r\000e\000\040\000i\000n\000\040\000t\000h\000e\000\040\000m\000a\000t\000r\000i\000x}{section.47}% 29
\BOOKMARK [1][-]{section.51}{\376\377\0005\000.\0003\000\040\000S\000u\000m\000m\000a\000r\000y}{chapter.44}% 30
\BOOKMARK [0][-]{chapter.55}{\376\377\0006\000\040\000T\000i\000t\000l\000e\000\040\000o\000f\000\040\000C\000h\000a\000p\000t\000e\000r\000\040\000S\000i\000x}{}% 31
\BOOKMARK [1][-]{section.56}{\376\377\0006\000.\0001\000\040\000B\000a\000c\000k\000g\000r\000o\000u\000n\000d}{chapter.55}% 32
\BOOKMARK [1][-]{section.57}{\376\377\0006\000.\0002\000\040\000S\000u\000m\000m\000a\000r\000y}{chapter.55}% 33
\BOOKMARK [0][-]{chapter.62}{\376\377\0007\000\040\000T\000i\000t\000l\000e\000\040\000o\000f\000\040\000C\000h\000a\000p\000t\000e\000r\000\040\000S\000e\000v\000e\000n}{}% 34
\BOOKMARK [1][-]{section.63}{\376\377\0007\000.\0001\000\040\000B\000a\000c\000k\000g\000r\000o\000u\000n\000d}{chapter.62}% 35
\BOOKMARK [1][-]{section.64}{\376\377\0007\000.\0002\000\040\000R\000e\000s\000u\000l\000t\000s}{chapter.62}% 36
\BOOKMARK [2][-]{subsection.65}{\376\377\0007\000.\0002\000.\0001\000\040\000L\000i\000n\000e\000\040\000p\000r\000o\000f\000i\000l\000e\000\040\000a\000n\000a\000l\000y\000s\000i\000s\000\040\000o\000f\000\040\000X\000R\000D}{section.64}% 37
\BOOKMARK [1][-]{section.66}{\376\377\0007\000.\0003\000\040\000S\000u\000m\000m\000a\000r\000y}{chapter.62}% 38
\BOOKMARK [0][-]{chapter.71}{\376\377\0008\000\040\000C\000o\000n\000c\000l\000u\000s\000i\000o\000n\000s\000\040\000a\000n\000d\000\040\000f\000u\000t\000u\000r\000e\000\040\000w\000o\000r\000k}{}% 39
\BOOKMARK [1][-]{section.72}{\376\377\0008\000.\0001\000\040\000C\000o\000n\000c\000l\000u\000s\000i\000o\000n\000s}{chapter.71}% 40
\BOOKMARK [1][-]{section.78}{\376\377\0008\000.\0002\000\040\000S\000c\000o\000p\000e\000\040\000f\000o\000r\000\040\000f\000u\000t\000u\000r\000e\000\040\000w\000o\000r\000k}{chapter.71}% 41
\BOOKMARK [0][-]{dummy.82}{\376\377\000B\000i\000b\000l\000i\000o\000g\000r\000a\000p\000h\000y}{}% 42
